[  2%] Built target sensor__cpp
[ 10%] Built target sensor__rosidl_generator_c
[35m[1mScanning dependencies of target sensor_node[0m
[ 14%] Built target do_something_server
[ 23%] Built target sensor__rosidl_typesupport_introspection_cpp
[ 31%] Built target sensor__rosidl_typesupport_c
[ 40%] Built target sensor__rosidl_typesupport_introspection_c
[ 48%] Built target sensor__rosidl_typesupport_cpp
[ 53%] Built target human_detector_client
[ 61%] Built target sensor__rosidl_typesupport_fastrtps_cpp
[ 63%] [32mBuilding CXX object CMakeFiles/sensor_node.dir/src/sensor_node.cpp.o[0m
[ 72%] Built target sensor__rosidl_typesupport_fastrtps_c
[ 72%] Built target sensor
[ 76%] Built target openamp_core1
[ 78%] Built target sensor__py
[ 85%] Built target sensor__python
[ 89%] Built target sensor__rosidl_typesupport_fastrtps_c__pyext
[ 93%] Built target sensor__rosidl_typesupport_introspection_c__pyext
[ 97%] Built target sensor__rosidl_typesupport_c__pyext
[01m[K/home/uboot/data/ros2_uboot/src/sensor/src/sensor_node.cpp:[m[K In member function â€˜[01m[Kvoid SensorNode::read_and_publish()[m[Kâ€™:
[01m[K/home/uboot/data/ros2_uboot/src/sensor/src/sensor_node.cpp:190:17:[m[K [01;31m[Kerror: [m[Kâ€˜[01m[Kusing BatteryState = struct sensor_msgs::msg::BatteryState_<std::allocator<void> >[m[Kâ€™ {aka â€˜[01m[Kstruct sensor_msgs::msg::BatteryState_<std::allocator<void> >[m[Kâ€™} has no member named â€˜[01m[Kdata[m[Kâ€™
  190 |         npu_msg.[01;31m[Kdata[m[K = npu_score;
      |                 [01;31m[K^~~~[m[K
make[2]: *** [CMakeFiles/sensor_node.dir/build.make:63: CMakeFiles/sensor_node.dir/src/sensor_node.cpp.o] Error 1
make[1]: *** [CMakeFiles/Makefile2:559: CMakeFiles/sensor_node.dir/all] Error 2
make: *** [Makefile:141: all] Error 2
