[  8%] Built target sensor__rosidl_generator_c
[35m[1mScanning dependencies of target sensor_node[0m
[ 25%] Built target sensor__rosidl_typesupport_introspection_c
[ 25%] Built target sensor__rosidl_typesupport_c
[ 29%] Built target human_detector_client
[ 31%] Built target sensor__cpp
[ 36%] Built target do_something_server
[ 44%] Built target sensor__rosidl_typesupport_introspection_cpp
[ 46%] [32mBuilding CXX object CMakeFiles/sensor_node.dir/src/sensor_node.cpp.o[0m
[ 55%] Built target sensor__rosidl_typesupport_cpp
[ 63%] Built target sensor__rosidl_typesupport_fastrtps_cpp
[ 72%] Built target sensor__rosidl_typesupport_fastrtps_c
[ 72%] Built target sensor
[ 76%] Built target openamp_core1
[ 78%] Built target sensor__py
[ 85%] Built target sensor__python
[ 89%] Built target sensor__rosidl_typesupport_introspection_c__pyext
[ 93%] Built target sensor__rosidl_typesupport_fastrtps_c__pyext
[ 97%] Built target sensor__rosidl_typesupport_c__pyext
[01m[K/home/uboot/data/ros2_uboot/src/sensor/src/sensor_node.cpp:[m[K In constructor â€˜[01m[KSensorNode::SensorNode()[m[Kâ€™:
[01m[K/home/uboot/data/ros2_uboot/src/sensor/src/sensor_node.cpp:32:75:[m[K [01;31m[Kerror: [m[Kâ€˜[01m[Kbattery_state[m[Kâ€™ is not a member of â€˜[01m[Ksensor_msgs::msg[m[Kâ€™; did you mean â€˜[01m[KBatteryState[m[Kâ€™?
   32 |         battery_publisher_     = this->create_publisher<sensor_msgs::msg::[01;31m[Kbattery_state[m[K>("battery", 10);
      |                                                                           [01;31m[K^~~~~~~~~~~~~[m[K
      |                                                                           [32m[KBatteryState[m[K
[01m[K/home/uboot/data/ros2_uboot/src/sensor/src/sensor_node.cpp:32:75:[m[K [01;31m[Kerror: [m[Kâ€˜[01m[Kbattery_state[m[Kâ€™ is not a member of â€˜[01m[Ksensor_msgs::msg[m[Kâ€™; did you mean â€˜[01m[KBatteryState[m[Kâ€™?
   32 |         battery_publisher_     = this->create_publisher<sensor_msgs::msg::[01;31m[Kbattery_state[m[K>("battery", 10);
      |                                                                           [01;31m[K^~~~~~~~~~~~~[m[K
      |                                                                           [32m[KBatteryState[m[K
[01m[K/home/uboot/data/ros2_uboot/src/sensor/src/sensor_node.cpp:32:103:[m[K [01;31m[Kerror: [m[Kno matching function for call to â€˜[01m[KSensorNode::create_publisher<<expression error> >(const char [8], int)[m[Kâ€™
   32 |         battery_publisher_     = this->create_publisher<sensor_msgs::msg::battery_state>("battery", 10[01;31m[K)[m[K;
      |                                                                                                       [01;31m[K^[m[K
In file included from [01m[K/opt/ros/foxy/include/rclcpp/node.hpp:1224[m[K,
                 from [01m[K/opt/ros/foxy/include/rclcpp/executors/single_threaded_executor.hpp:28[m[K,
                 from [01m[K/opt/ros/foxy/include/rclcpp/executors.hpp:22[m[K,
                 from [01m[K/opt/ros/foxy/include/rclcpp/rclcpp.hpp:146[m[K,
                 from [01m[K/home/uboot/data/ros2_uboot/src/sensor/src/sensor_node.cpp:12[m[K:
[01m[K/opt/ros/foxy/include/rclcpp/node_impl.hpp:71:1:[m[K [01;36m[Knote: [m[Kcandidate: â€˜[01m[Ktemplate<class MessageT, class AllocatorT, class PublisherT> std::shared_ptr<PublisherT> rclcpp::Node::create_publisher(const string&, const rclcpp::QoS&, const rclcpp::PublisherOptionsWithAllocator<AllocatorT>&)[m[Kâ€™
   71 | [01;36m[KNode[m[K::create_publisher(
      | [01;36m[K^~~~[m[K
[01m[K/opt/ros/foxy/include/rclcpp/node_impl.hpp:71:1:[m[K [01;36m[Knote: [m[K  template argument deduction/substitution failed:
[01m[K/home/uboot/data/ros2_uboot/src/sensor/src/sensor_node.cpp:32:103:[m[K [01;31m[Kerror: [m[Ktemplate argument 1 is invalid
   32 |         battery_publisher_     = this->create_publisher<sensor_msgs::msg::battery_state>("battery", 10[01;31m[K)[m[K;
      |                                                                                                       [01;31m[K^[m[K
make[2]: *** [CMakeFiles/sensor_node.dir/build.make:63: CMakeFiles/sensor_node.dir/src/sensor_node.cpp.o] Error 1
make[1]: *** [CMakeFiles/Makefile2:559: CMakeFiles/sensor_node.dir/all] Error 2
make: *** [Makefile:141: all] Error 2
