In file included from [01m[K/opt/ros/foxy/include/rclcpp/client.hpp:40[m[K,
                 from [01m[K/opt/ros/foxy/include/rclcpp/callback_group.hpp:23[m[K,
                 from [01m[K/opt/ros/foxy/include/rclcpp/any_executable.hpp:20[m[K,
                 from [01m[K/opt/ros/foxy/include/rclcpp/memory_strategy.hpp:24[m[K,
                 from [01m[K/opt/ros/foxy/include/rclcpp/memory_strategies.hpp:18[m[K,
                 from [01m[K/opt/ros/foxy/include/rclcpp/executor_options.hpp:20[m[K,
                 from [01m[K/opt/ros/foxy/include/rclcpp/executor.hpp:33[m[K,
                 from [01m[K/opt/ros/foxy/include/rclcpp/executors/multi_threaded_executor.hpp:26[m[K,
                 from [01m[K/opt/ros/foxy/include/rclcpp/executors.hpp:21[m[K,
                 from [01m[K/opt/ros/foxy/include/rclcpp/rclcpp.hpp:146[m[K,
                 from [01m[K/home/uboot/data/ros2_uboot/src/sensor/src/sensor_node.cpp:12[m[K:
[01m[K/home/uboot/data/ros2_uboot/src/sensor/src/sensor_node.cpp:[m[K In member function ‚Äò[01m[Kvoid SensorNode::read_and_publish()[m[K‚Äô:
[01m[K/home/uboot/data/ros2_uboot/src/sensor/src/sensor_node.cpp:194:13:[m[K [01;31m[Kerror: [m[K‚Äò[01m[Ktemperature[m[K‚Äô was not declared in this scope
  194 |             [01;31m[Ktemperature[m[K, // Âç†‰ΩçÔºå‰∏çÊâìÂç∞ËÆ¢ÈòÖÊï∞
      |             [01;31m[K^~~~~~~~~~~[m[K
[01m[K/home/uboot/data/ros2_uboot/src/sensor/src/sensor_node.cpp:195:13:[m[K [01;31m[Kerror: [m[K‚Äò[01m[Khumidity[m[K‚Äô was not declared in this scope
  195 |             [01;31m[Khumidity[m[K,
      |             [01;31m[K^~~~~~~~[m[K
make[2]: *** [CMakeFiles/sensor_node.dir/build.make:63: CMakeFiles/sensor_node.dir/src/sensor_node.cpp.o] Error 1
make[1]: *** [CMakeFiles/Makefile2:559: CMakeFiles/sensor_node.dir/all] Error 2
make: *** [Makefile:141: all] Error 2
