[01m[K/home/uboot/data/ros2_uboot/src/sensor/src/sensor_node.cpp:[m[K In constructor â€˜[01m[KSensorNode::SensorNode()[m[Kâ€™:
[01m[K/home/uboot/data/ros2_uboot/src/sensor/src/sensor_node.cpp:23:72:[m[K [01;31m[Kerror: [m[Kâ€˜[01m[KFloat16[m[Kâ€™ is not a member of â€˜[01m[Kstd_msgs::msg[m[Kâ€™; did you mean â€˜[01m[KFloat32[m[Kâ€™?
   23 |         temperature_publisher_ = this->create_publisher<std_msgs::msg::[01;31m[KFloat16[m[K>("temp", 10);
      |                                                                        [01;31m[K^~~~~~~[m[K
      |                                                                        [32m[KFloat32[m[K
[01m[K/home/uboot/data/ros2_uboot/src/sensor/src/sensor_node.cpp:23:72:[m[K [01;31m[Kerror: [m[Kâ€˜[01m[KFloat16[m[Kâ€™ is not a member of â€˜[01m[Kstd_msgs::msg[m[Kâ€™; did you mean â€˜[01m[KFloat32[m[Kâ€™?
   23 |         temperature_publisher_ = this->create_publisher<std_msgs::msg::[01;31m[KFloat16[m[K>("temp", 10);
      |                                                                        [01;31m[K^~~~~~~[m[K
      |                                                                        [32m[KFloat32[m[K
[01m[K/home/uboot/data/ros2_uboot/src/sensor/src/sensor_node.cpp:23:91:[m[K [01;31m[Kerror: [m[Kno matching function for call to â€˜[01m[KSensorNode::create_publisher<<expression error> >(const char [5], int)[m[Kâ€™
   23 |         temperature_publisher_ = this->create_publisher<std_msgs::msg::Float16>("temp", 10[01;31m[K)[m[K;
      |                                                                                           [01;31m[K^[m[K
In file included from [01m[K/opt/ros/foxy/include/rclcpp/executors/single_threaded_executor.hpp:28[m[K,
                 from [01m[K/opt/ros/foxy/include/rclcpp/executors.hpp:22[m[K,
                 from [01m[K/opt/ros/foxy/include/rclcpp/rclcpp.hpp:146[m[K,
                 from [01m[K/home/uboot/data/ros2_uboot/src/sensor/src/sensor_node.cpp:9[m[K:
[01m[K/opt/ros/foxy/include/rclcpp/node.hpp:184:3:[m[K [01;36m[Knote: [m[Kcandidate: â€˜[01m[Ktemplate<class MessageT, class AllocatorT, class PublisherT> std::shared_ptr<PublisherT> rclcpp::Node::create_publisher(const string&, const rclcpp::QoS&, const rclcpp::PublisherOptionsWithAllocator<AllocatorT>&)[m[Kâ€™
  184 |   [01;36m[Kcreate_publisher[m[K(
      |   [01;36m[K^~~~~~~~~~~~~~~~[m[K
[01m[K/opt/ros/foxy/include/rclcpp/node.hpp:184:3:[m[K [01;36m[Knote: [m[K  template argument deduction/substitution failed:
[01m[K/home/uboot/data/ros2_uboot/src/sensor/src/sensor_node.cpp:23:91:[m[K [01;31m[Kerror: [m[Ktemplate argument 1 is invalid
   23 |         temperature_publisher_ = this->create_publisher<std_msgs::msg::Float16>("temp", 10[01;31m[K)[m[K;
      |                                                                                           [01;31m[K^[m[K
make[2]: *** [CMakeFiles/sensor_node.dir/build.make:63: CMakeFiles/sensor_node.dir/src/sensor_node.cpp.o] Error 1
make[1]: *** [CMakeFiles/Makefile2:559: CMakeFiles/sensor_node.dir/all] Error 2
make: *** [Makefile:141: all] Error 2
