[35m[1mScanning dependencies of target sensor_node[0m
[  4%] Built target do_something_server
[ 12%] Built target sensor__rosidl_generator_c
[ 17%] Built target human_detector_client
[ 19%] Built target sensor__cpp
[ 21%] [32mBuilding CXX object CMakeFiles/sensor_node.dir/src/sensor_node.cpp.o[0m
[ 29%] Built target sensor__rosidl_typesupport_c
[ 38%] Built target sensor__rosidl_typesupport_introspection_c
[ 46%] Built target sensor__rosidl_typesupport_fastrtps_cpp
[ 55%] Built target sensor__rosidl_typesupport_cpp
[ 63%] Built target sensor__rosidl_typesupport_introspection_cpp
[ 72%] Built target sensor__rosidl_typesupport_fastrtps_c
[01m[K/home/uboot/data/ros2_uboot/src/sensor/src/sensor_node.cpp:15:10:[m[K [01;31m[Kfatal error: [m[Ksensor_msgs/BatteryState.h: No such file or directory
   15 | #include [01;31m[K<sensor_msgs/BatteryState.h>[m[K
      |          [01;31m[K^~~~~~~~~~~~~~~~~~~~~~~~~~~~[m[K
compilation terminated.
make[2]: *** [CMakeFiles/sensor_node.dir/build.make:63: CMakeFiles/sensor_node.dir/src/sensor_node.cpp.o] Error 1
make[1]: *** [CMakeFiles/Makefile2:559: CMakeFiles/sensor_node.dir/all] Error 2
make[1]: *** Waiting for unfinished jobs....
[ 72%] Built target sensor
make: *** [Makefile:141: all] Error 2
