[35m[1mScanning dependencies of target sensor_node[0m
[  4%] Built target human_detector_client
[  6%] Built target sensor__cpp
[  8%] [32mBuilding CXX object CMakeFiles/sensor_node.dir/src/sensor_node.cpp.o[0m
[ 12%] Built target do_something_server
[ 21%] Built target sensor__rosidl_generator_c
[ 29%] Built target sensor__rosidl_typesupport_fastrtps_cpp
[ 38%] Built target sensor__rosidl_typesupport_cpp
[ 46%] Built target sensor__rosidl_typesupport_introspection_cpp
[ 55%] Built target sensor__rosidl_typesupport_introspection_c
[ 63%] Built target sensor__rosidl_typesupport_c
[ 72%] Built target sensor__rosidl_typesupport_fastrtps_c
[ 72%] Built target sensor
[ 74%] Built target sensor__py
[ 78%] Built target openamp_core1
[ 85%] Built target sensor__python
[ 89%] Built target sensor__rosidl_typesupport_c__pyext
[ 93%] Built target sensor__rosidl_typesupport_introspection_c__pyext
[ 97%] Built target sensor__rosidl_typesupport_fastrtps_c__pyext
[01m[K/home/uboot/data/ros2_uboot/src/sensor/src/sensor_node.cpp:[m[K In member function â€˜[01m[Kvoid SensorNode::read_and_publish()[m[Kâ€™:
[01m[K/home/uboot/data/ros2_uboot/src/sensor/src/sensor_node.cpp:189:30:[m[K [01;31m[Kerror: [m[Kâ€˜[01m[Knpu_score[m[Kâ€™ was not declared in this scope
  189 |         npu_msg.percentage = [01;31m[Knpu_score[m[K / 100.0f;  // è½¬ä¸º 0.0 ~ 1.0 åŒºé—´
      |                              [01;31m[K^~~~~~~~~[m[K
make[2]: *** [CMakeFiles/sensor_node.dir/build.make:63: CMakeFiles/sensor_node.dir/src/sensor_node.cpp.o] Error 1
make[1]: *** [CMakeFiles/Makefile2:559: CMakeFiles/sensor_node.dir/all] Error 2
make: *** [Makefile:141: all] Error 2
