[01m[K/home/uboot/data/ros2_uboot/src/sensor/src/sensor_node.cpp:15:10:[m[K [01;31m[Kfatal error: [m[Ksensor_msgs/BatteryState.h: No such file or directory
   15 | #include [01;31m[K<sensor_msgs/BatteryState.h>[m[K
      |          [01;31m[K^~~~~~~~~~~~~~~~~~~~~~~~~~~~[m[K
compilation terminated.
make[2]: *** [CMakeFiles/sensor_node.dir/build.make:63: CMakeFiles/sensor_node.dir/src/sensor_node.cpp.o] Error 1
make[1]: *** [CMakeFiles/Makefile2:559: CMakeFiles/sensor_node.dir/all] Error 2
make[1]: *** Waiting for unfinished jobs....
make: *** [Makefile:141: all] Error 2
